<?xml version="1.0" encoding="UTF-8"?>
<!-- Generated by org.testng.reporters.JUnitReportReporter -->
<testsuite hostname="Girish" name="script.GmailLogin" tests="1" failures="0" timestamp="7 Apr 2019 18:27:38 GMT" time="55.042" errors="0">
  <testcase name="testgmailLogin" time="55.042" classname="script.GmailLogin"/>
</testsuite> <!-- script.GmailLogin -->
